Determining if the pthread_create exist failed with the following output:
Change Dir: /home/rsteiner/catkin_ws/src/mav_voxblox_planning/mav_local_planner/cmake-build-debug/CMakeFiles/CMakeTmp

Run Build Command:"/usr/bin/make" "cmTC_862f0/fast"
/usr/bin/make -f CMakeFiles/cmTC_862f0.dir/build.make CMakeFiles/cmTC_862f0.dir/build
make[1]: Entering directory '/home/rsteiner/catkin_ws/src/mav_voxblox_planning/mav_local_planner/cmake-build-debug/CMakeFiles/CMakeTmp'
Building C object CMakeFiles/cmTC_862f0.dir/CheckSymbolExists.c.o
/usr/lib/ccache/cc    -o CMakeFiles/cmTC_862f0.dir/CheckSymbolExists.c.o   -c /home/rsteiner/catkin_ws/src/mav_voxblox_planning/mav_local_planner/cmake-build-debug/CMakeFiles/CMakeTmp/CheckSymbolExists.c
Linking C executable cmTC_862f0
/usr/bin/cmake -E cmake_link_script CMakeFiles/cmTC_862f0.dir/link.txt --verbose=1
/usr/lib/ccache/cc      -rdynamic CMakeFiles/cmTC_862f0.dir/CheckSymbolExists.c.o  -o cmTC_862f0 
CMakeFiles/cmTC_862f0.dir/CheckSymbolExists.c.o: In function `main':
CheckSymbolExists.c:(.text+0x1b): undefined reference to `pthread_create'
collect2: error: ld returned 1 exit status
CMakeFiles/cmTC_862f0.dir/build.make:97: recipe for target 'cmTC_862f0' failed
make[1]: *** [cmTC_862f0] Error 1
make[1]: Leaving directory '/home/rsteiner/catkin_ws/src/mav_voxblox_planning/mav_local_planner/cmake-build-debug/CMakeFiles/CMakeTmp'
Makefile:126: recipe for target 'cmTC_862f0/fast' failed
make: *** [cmTC_862f0/fast] Error 2

File /home/rsteiner/catkin_ws/src/mav_voxblox_planning/mav_local_planner/cmake-build-debug/CMakeFiles/CMakeTmp/CheckSymbolExists.c:
/* */
#include <pthread.h>

int main(int argc, char** argv)
{
  (void)argv;
#ifndef pthread_create
  return ((int*)(&pthread_create))[argc];
#else
  (void)argc;
  return 0;
#endif
}

Determining if the function pthread_create exists in the pthreads failed with the following output:
Change Dir: /home/rsteiner/catkin_ws/src/mav_voxblox_planning/mav_local_planner/cmake-build-debug/CMakeFiles/CMakeTmp

Run Build Command:"/usr/bin/make" "cmTC_ce07d/fast"
/usr/bin/make -f CMakeFiles/cmTC_ce07d.dir/build.make CMakeFiles/cmTC_ce07d.dir/build
make[1]: Entering directory '/home/rsteiner/catkin_ws/src/mav_voxblox_planning/mav_local_planner/cmake-build-debug/CMakeFiles/CMakeTmp'
Building C object CMakeFiles/cmTC_ce07d.dir/CheckFunctionExists.c.o
/usr/lib/ccache/cc   -DCHECK_FUNCTION_EXISTS=pthread_create   -o CMakeFiles/cmTC_ce07d.dir/CheckFunctionExists.c.o   -c /usr/share/cmake-3.10/Modules/CheckFunctionExists.c
Linking C executable cmTC_ce07d
/usr/bin/cmake -E cmake_link_script CMakeFiles/cmTC_ce07d.dir/link.txt --verbose=1
/usr/lib/ccache/cc  -DCHECK_FUNCTION_EXISTS=pthread_create    -rdynamic CMakeFiles/cmTC_ce07d.dir/CheckFunctionExists.c.o  -o cmTC_ce07d -lpthreads 
/usr/bin/ld: cannot find -lpthreads
collect2: error: ld returned 1 exit status
CMakeFiles/cmTC_ce07d.dir/build.make:97: recipe for target 'cmTC_ce07d' failed
make[1]: *** [cmTC_ce07d] Error 1
make[1]: Leaving directory '/home/rsteiner/catkin_ws/src/mav_voxblox_planning/mav_local_planner/cmake-build-debug/CMakeFiles/CMakeTmp'
Makefile:126: recipe for target 'cmTC_ce07d/fast' failed
make: *** [cmTC_ce07d/fast] Error 2


